build/app/intermediates/manifest_merge_blame_file/release/manifest-merger-blame-release-report.txt
1<?xml version="1.0" encoding="utf-8"?>
2<manifest xmlns:android="http://schemas.android.com/apk/res/android"
3    package="com.sujitchanda.flutter_sendbird_fcm"
4    android:versionCode="1"
5    android:versionName="1.0.0" >
6
7    <uses-sdk
8        android:minSdkVersion="21"
8-->src/main/AndroidManifest.xml
9        android:targetSdkVersion="31" />
9-->src/main/AndroidManifest.xml
10
11    <uses-permission android:name="android.permission.INTERNET" />
11-->src/main/AndroidManifest.xml:5:5-66
11-->src/main/AndroidManifest.xml:5:22-64
12    <uses-permission android:name="android.permission.WAKE_LOCK" />
12-->src/main/AndroidManifest.xml:6:5-67
12-->src/main/AndroidManifest.xml:6:22-65
13    <uses-permission android:name="android.permission.FOREGROUND_SERVICE" />
13-->src/main/AndroidManifest.xml:7:5-76
13-->src/main/AndroidManifest.xml:7:22-74
14    <uses-permission android:name="android.permission.RECEIVE_BOOT_COMPLETED" />
14-->src/main/AndroidManifest.xml:8:5-80
14-->src/main/AndroidManifest.xml:8:22-78
15    <uses-permission android:name="android.permission.VIBRATE" />
15-->src/main/AndroidManifest.xml:9:5-65
15-->src/main/AndroidManifest.xml:9:22-63
16    <uses-permission android:name="android.permission.WRITE_EXTERNAL_STORAGE" />
16-->src/main/AndroidManifest.xml:10:5-80
16-->src/main/AndroidManifest.xml:10:22-78
17    <uses-permission android:name="android.permission.READ_EXTERNAL_STORAGE" />
17-->src/main/AndroidManifest.xml:11:5-79
17-->src/main/AndroidManifest.xml:11:22-77
18    <uses-permission android:name="android.permission.CAMERA" />
18-->src/main/AndroidManifest.xml:12:5-64
18-->src/main/AndroidManifest.xml:12:22-62
19    <uses-permission android:name="android.permission.FLASHLIGHT" />
19-->src/main/AndroidManifest.xml:13:5-68
19-->src/main/AndroidManifest.xml:13:22-66
20    <uses-permission android:name="android.permission.ACCESS_NETWORK_STATE" />
20-->src/main/AndroidManifest.xml:14:5-79
20-->src/main/AndroidManifest.xml:14:22-76
21    <uses-permission android:name="android.permission.USE_FULL_SCREEN_INTENT" />
21-->[:flutter_local_notifications] AndroidManifest.xml:9:5-81
21-->[:flutter_local_notifications] AndroidManifest.xml:9:22-78
22    <uses-permission android:name="android.permission.SCHEDULE_EXACT_ALARM" /> <!-- Required by older versions of Google Play services to create IID tokens -->
22-->[:flutter_local_notifications] AndroidManifest.xml:10:5-79
22-->[:flutter_local_notifications] AndroidManifest.xml:10:22-76
23    <uses-permission android:name="com.google.android.c2dm.permission.RECEIVE" />
23-->[com.google.firebase:firebase-messaging:23.0.5] AndroidManifest.xml:28:5-82
23-->[com.google.firebase:firebase-messaging:23.0.5] AndroidManifest.xml:28:22-79
24    <uses-permission android:name="com.google.android.gms.permission.AD_ID" />
24-->[com.google.android.gms:play-services-measurement-api:21.0.0] AndroidManifest.xml:25:5-79
24-->[com.google.android.gms:play-services-measurement-api:21.0.0] AndroidManifest.xml:25:22-76
25    <uses-permission android:name="com.google.android.finsky.permission.BIND_GET_INSTALL_REFERRER_SERVICE" />
25-->[com.google.android.gms:play-services-measurement:21.0.0] AndroidManifest.xml:26:5-110
25-->[com.google.android.gms:play-services-measurement:21.0.0] AndroidManifest.xml:26:22-107
26
27    <application
28        android:name="android.app.Application"
28-->src/main/AndroidManifest.xml:17:9-42
29        android:appComponentFactory="androidx.core.app.CoreComponentFactory"
29-->[androidx.core:core:1.8.0] AndroidManifest.xml:24:18-86
30        android:icon="@mipmap/ic_launcher"
30-->src/main/AndroidManifest.xml:19:9-43
31        android:label="SendBird FCM"
31-->src/main/AndroidManifest.xml:16:9-37
32        android:usesCleartextTraffic="true" >
32-->src/main/AndroidManifest.xml:18:9-44
33        <activity
33-->src/main/AndroidManifest.xml:21:9-33:20
34            android:name="com.sujitchanda.flutter_sendbird_fcm.MainActivity"
34-->src/main/AndroidManifest.xml:21:19-47
35            android:configChanges="orientation|keyboardHidden|keyboard|screenSize|smallestScreenSize|locale|layoutDirection|fontScale|screenLayout|density|uiMode"
35-->src/main/AndroidManifest.xml:21:114-264
36            android:hardwareAccelerated="true"
36-->src/main/AndroidManifest.xml:21:265-299
37            android:launchMode="singleTop"
37-->src/main/AndroidManifest.xml:21:48-78
38            android:screenOrientation="portrait"
38-->src/main/AndroidManifest.xml:21:300-336
39            android:theme="@style/LaunchTheme"
39-->src/main/AndroidManifest.xml:21:79-113
40            android:windowSoftInputMode="adjustResize" >
40-->src/main/AndroidManifest.xml:21:337-379
41            <meta-data
41-->src/main/AndroidManifest.xml:22:13-120
42                android:name="io.flutter.embedding.android.NormalTheme"
42-->src/main/AndroidManifest.xml:22:24-79
43                android:resource="@style/NormalTheme" />
43-->src/main/AndroidManifest.xml:22:80-117
44            <meta-data
44-->src/main/AndroidManifest.xml:23:13-138
45                android:name="io.flutter.embedding.android.SplashScreenDrawable"
45-->src/main/AndroidManifest.xml:23:24-88
46                android:resource="@drawable/launch_background" />
46-->src/main/AndroidManifest.xml:23:89-135
47
48            <intent-filter>
48-->src/main/AndroidManifest.xml:25:13-28:29
49                <action android:name="android.intent.action.MAIN" />
49-->src/main/AndroidManifest.xml:26:17-68
49-->src/main/AndroidManifest.xml:26:25-66
50
51                <category android:name="android.intent.category.LAUNCHER" />
51-->src/main/AndroidManifest.xml:27:17-76
51-->src/main/AndroidManifest.xml:27:27-74
52            </intent-filter>
53            <intent-filter>
53-->src/main/AndroidManifest.xml:29:13-32:29
54                <action android:name="FLUTTER_NOTIFICATION_CLICK" />
54-->src/main/AndroidManifest.xml:30:17-68
54-->src/main/AndroidManifest.xml:30:25-66
55
56                <category android:name="android.intent.category.DEFAULT" />
56-->src/main/AndroidManifest.xml:31:17-75
56-->src/main/AndroidManifest.xml:31:27-73
57            </intent-filter>
58        </activity>
59        <activity
59-->src/main/AndroidManifest.xml:35:9-162
60            android:name="com.yalantis.ucrop.UCropActivity"
60-->src/main/AndroidManifest.xml:35:19-66
61            android:screenOrientation="portrait"
61-->src/main/AndroidManifest.xml:35:67-103
62            android:theme="@style/Theme.AppCompat.Light.NoActionBar" />
62-->src/main/AndroidManifest.xml:35:104-160
63
64        <meta-data
64-->src/main/AndroidManifest.xml:37:9-72
65            android:name="flutterEmbedding"
65-->src/main/AndroidManifest.xml:37:20-51
66            android:value="2" />
66-->src/main/AndroidManifest.xml:37:52-69
67        <meta-data
67-->src/main/AndroidManifest.xml:38:9-123
68            android:name="com.google.android.geo.API_KEY"
68-->src/main/AndroidManifest.xml:38:20-65
69            android:value="AIzaSyDYT2dqffPqhSX4RD8cPzBOfF6u59WwFqg" />
69-->src/main/AndroidManifest.xml:38:66-121
70
71        <service
71-->[:cloud_firestore] AndroidManifest.xml:8:9-12:19
72            android:name="com.google.firebase.components.ComponentDiscoveryService"
72-->[:cloud_firestore] AndroidManifest.xml:8:18-89
73            android:directBootAware="true"
73-->[com.google.firebase:firebase-common:20.1.1] AndroidManifest.xml:35:13-43
74            android:exported="false" >
74-->[com.google.firebase:firebase-analytics-ktx:21.0.0] AndroidManifest.xml:10:13-37
75            <meta-data
75-->[:cloud_firestore] AndroidManifest.xml:9:13-11:85
76                android:name="com.google.firebase.components:io.flutter.plugins.firebase.firestore.FlutterFirebaseFirestoreRegistrar"
76-->[:cloud_firestore] AndroidManifest.xml:10:17-134
77                android:value="com.google.firebase.components.ComponentRegistrar" />
77-->[:cloud_firestore] AndroidManifest.xml:11:17-82
78            <meta-data
78-->[:firebase_auth] AndroidManifest.xml:9:13-11:85
79                android:name="com.google.firebase.components:io.flutter.plugins.firebase.auth.FlutterFirebaseAuthRegistrar"
79-->[:firebase_auth] AndroidManifest.xml:10:17-124
80                android:value="com.google.firebase.components.ComponentRegistrar" />
80-->[:firebase_auth] AndroidManifest.xml:11:17-82
81            <meta-data
81-->[:firebase_storage] AndroidManifest.xml:9:13-11:85
82                android:name="com.google.firebase.components:io.flutter.plugins.firebase.storage.FlutterFirebaseAppRegistrar"
82-->[:firebase_storage] AndroidManifest.xml:10:17-126
83                android:value="com.google.firebase.components.ComponentRegistrar" />
83-->[:firebase_storage] AndroidManifest.xml:11:17-82
84            <meta-data
84-->[:firebase_messaging] AndroidManifest.xml:34:13-36:85
85                android:name="com.google.firebase.components:io.flutter.plugins.firebase.messaging.FlutterFirebaseAppRegistrar"
85-->[:firebase_messaging] AndroidManifest.xml:35:17-128
86                android:value="com.google.firebase.components.ComponentRegistrar" />
86-->[:firebase_messaging] AndroidManifest.xml:36:17-82
87            <meta-data
87-->[:firebase_core] AndroidManifest.xml:9:13-11:85
88                android:name="com.google.firebase.components:io.flutter.plugins.firebase.core.FlutterFirebaseCoreRegistrar"
88-->[:firebase_core] AndroidManifest.xml:10:17-124
89                android:value="com.google.firebase.components.ComponentRegistrar" />
89-->[:firebase_core] AndroidManifest.xml:11:17-82
90            <meta-data
90-->[com.google.firebase:firebase-analytics-ktx:21.0.0] AndroidManifest.xml:11:13-13:85
91                android:name="com.google.firebase.components:com.google.firebase.analytics.ktx.FirebaseAnalyticsKtxRegistrar"
91-->[com.google.firebase:firebase-analytics-ktx:21.0.0] AndroidManifest.xml:12:17-126
92                android:value="com.google.firebase.components.ComponentRegistrar" />
92-->[com.google.firebase:firebase-analytics-ktx:21.0.0] AndroidManifest.xml:13:17-82
93            <meta-data
93-->[com.google.firebase:firebase-common-ktx:20.1.1] AndroidManifest.xml:15:13-17:85
94                android:name="com.google.firebase.components:com.google.firebase.ktx.FirebaseCommonKtxRegistrar"
94-->[com.google.firebase:firebase-common-ktx:20.1.1] AndroidManifest.xml:16:17-113
95                android:value="com.google.firebase.components.ComponentRegistrar" />
95-->[com.google.firebase:firebase-common-ktx:20.1.1] AndroidManifest.xml:17:17-82
96            <meta-data
96-->[com.google.firebase:firebase-messaging:23.0.5] AndroidManifest.xml:55:13-57:85
97                android:name="com.google.firebase.components:com.google.firebase.messaging.FirebaseMessagingRegistrar"
97-->[com.google.firebase:firebase-messaging:23.0.5] AndroidManifest.xml:56:17-119
98                android:value="com.google.firebase.components.ComponentRegistrar" />
98-->[com.google.firebase:firebase-messaging:23.0.5] AndroidManifest.xml:57:17-82
99            <meta-data
99-->[com.google.firebase:firebase-auth:21.0.5] AndroidManifest.xml:67:13-69:85
100                android:name="com.google.firebase.components:com.google.firebase.auth.FirebaseAuthRegistrar"
100-->[com.google.firebase:firebase-auth:21.0.5] AndroidManifest.xml:68:17-109
101                android:value="com.google.firebase.components.ComponentRegistrar" />
101-->[com.google.firebase:firebase-auth:21.0.5] AndroidManifest.xml:69:17-82
102            <meta-data
102-->[com.google.firebase:firebase-datatransport:18.1.4] AndroidManifest.xml:28:13-30:85
103                android:name="com.google.firebase.components:com.google.firebase.datatransport.TransportRegistrar"
103-->[com.google.firebase:firebase-datatransport:18.1.4] AndroidManifest.xml:29:17-115
104                android:value="com.google.firebase.components.ComponentRegistrar" />
104-->[com.google.firebase:firebase-datatransport:18.1.4] AndroidManifest.xml:30:17-82
105            <meta-data
105-->[com.google.firebase:firebase-firestore:24.1.2] AndroidManifest.xml:20:13-22:85
106                android:name="com.google.firebase.components:com.google.firebase.firestore.FirestoreRegistrar"
106-->[com.google.firebase:firebase-firestore:24.1.2] AndroidManifest.xml:21:17-111
107                android:value="com.google.firebase.components.ComponentRegistrar" />
107-->[com.google.firebase:firebase-firestore:24.1.2] AndroidManifest.xml:22:17-82
108            <meta-data
108-->[com.google.firebase:firebase-storage:20.0.1] AndroidManifest.xml:33:13-35:85
109                android:name="com.google.firebase.components:com.google.firebase.storage.StorageRegistrar"
109-->[com.google.firebase:firebase-storage:20.0.1] AndroidManifest.xml:34:17-107
110                android:value="com.google.firebase.components.ComponentRegistrar" />
110-->[com.google.firebase:firebase-storage:20.0.1] AndroidManifest.xml:35:17-82
111            <meta-data
111-->[com.google.android.gms:play-services-measurement-api:21.0.0] AndroidManifest.xml:31:13-33:85
112                android:name="com.google.firebase.components:com.google.firebase.analytics.connector.internal.AnalyticsConnectorRegistrar"
112-->[com.google.android.gms:play-services-measurement-api:21.0.0] AndroidManifest.xml:32:17-139
113                android:value="com.google.firebase.components.ComponentRegistrar" />
113-->[com.google.android.gms:play-services-measurement-api:21.0.0] AndroidManifest.xml:33:17-82
114            <meta-data
114-->[com.google.firebase:firebase-installations:17.0.1] AndroidManifest.xml:18:13-20:85
115                android:name="com.google.firebase.components:com.google.firebase.installations.FirebaseInstallationsRegistrar"
115-->[com.google.firebase:firebase-installations:17.0.1] AndroidManifest.xml:19:17-127
116                android:value="com.google.firebase.components.ComponentRegistrar" />
116-->[com.google.firebase:firebase-installations:17.0.1] AndroidManifest.xml:20:17-82
117        </service>
118        <service
118-->[:firebase_messaging] AndroidManifest.xml:12:9-15:72
119            android:name="io.flutter.plugins.firebase.messaging.FlutterFirebaseMessagingBackgroundService"
119-->[:firebase_messaging] AndroidManifest.xml:13:13-107
120            android:exported="false"
120-->[:firebase_messaging] AndroidManifest.xml:14:13-37
121            android:permission="android.permission.BIND_JOB_SERVICE" />
121-->[:firebase_messaging] AndroidManifest.xml:15:13-69
122        <service
122-->[:firebase_messaging] AndroidManifest.xml:16:9-22:19
123            android:name="io.flutter.plugins.firebase.messaging.FlutterFirebaseMessagingService"
123-->[:firebase_messaging] AndroidManifest.xml:17:13-97
124            android:exported="false" >
124-->[:firebase_messaging] AndroidManifest.xml:18:13-37
125            <intent-filter>
125-->[:firebase_messaging] AndroidManifest.xml:19:13-21:29
126                <action android:name="com.google.firebase.MESSAGING_EVENT" />
126-->[:firebase_messaging] AndroidManifest.xml:20:17-78
126-->[:firebase_messaging] AndroidManifest.xml:20:25-75
127            </intent-filter>
128        </service>
129
130        <receiver
130-->[:firebase_messaging] AndroidManifest.xml:24:9-31:20
131            android:name="io.flutter.plugins.firebase.messaging.FlutterFirebaseMessagingReceiver"
131-->[:firebase_messaging] AndroidManifest.xml:25:13-98
132            android:exported="true"
132-->[:firebase_messaging] AndroidManifest.xml:26:13-36
133            android:permission="com.google.android.c2dm.permission.SEND" >
133-->[:firebase_messaging] AndroidManifest.xml:27:13-73
134            <intent-filter>
134-->[:firebase_messaging] AndroidManifest.xml:28:13-30:29
135                <action android:name="com.google.android.c2dm.intent.RECEIVE" />
135-->[:firebase_messaging] AndroidManifest.xml:29:17-81
135-->[:firebase_messaging] AndroidManifest.xml:29:25-78
136            </intent-filter>
137        </receiver>
138
139        <provider
139-->[:firebase_messaging] AndroidManifest.xml:39:9-43:38
140            android:name="io.flutter.plugins.firebase.messaging.FlutterFirebaseMessagingInitProvider"
140-->[:firebase_messaging] AndroidManifest.xml:40:13-102
141            android:authorities="com.sujitchanda.flutter_sendbird_fcm.flutterfirebasemessaginginitprovider"
141-->[:firebase_messaging] AndroidManifest.xml:41:13-88
142            android:exported="false"
142-->[:firebase_messaging] AndroidManifest.xml:42:13-37
143            android:initOrder="99" />
143-->[:firebase_messaging] AndroidManifest.xml:43:13-35
144        <provider
144-->[:image_picker_android] AndroidManifest.xml:8:9-16:20
145            android:name="io.flutter.plugins.imagepicker.ImagePickerFileProvider"
145-->[:image_picker_android] AndroidManifest.xml:9:13-82
146            android:authorities="com.sujitchanda.flutter_sendbird_fcm.flutter.image_provider"
146-->[:image_picker_android] AndroidManifest.xml:10:13-74
147            android:exported="false"
147-->[:image_picker_android] AndroidManifest.xml:11:13-37
148            android:grantUriPermissions="true" >
148-->[:image_picker_android] AndroidManifest.xml:12:13-47
149            <meta-data
149-->[:image_picker_android] AndroidManifest.xml:13:13-15:75
150                android:name="android.support.FILE_PROVIDER_PATHS"
150-->[:image_picker_android] AndroidManifest.xml:14:17-67
151                android:resource="@xml/flutter_image_picker_file_paths" />
151-->[:image_picker_android] AndroidManifest.xml:15:17-72
152        </provider>
153
154        <receiver
154-->[:flutter_local_notifications] AndroidManifest.xml:13:9-15:40
155            android:name="com.dexterous.flutterlocalnotifications.ScheduledNotificationReceiver"
155-->[:flutter_local_notifications] AndroidManifest.xml:14:13-97
156            android:exported="false" />
156-->[:flutter_local_notifications] AndroidManifest.xml:15:13-37
157        <receiver
157-->[:flutter_local_notifications] AndroidManifest.xml:16:9-25:20
158            android:name="com.dexterous.flutterlocalnotifications.ScheduledNotificationBootReceiver"
158-->[:flutter_local_notifications] AndroidManifest.xml:17:13-101
159            android:exported="false" >
159-->[:flutter_local_notifications] AndroidManifest.xml:18:13-37
160            <intent-filter>
160-->[:flutter_local_notifications] AndroidManifest.xml:19:13-24:29
161                <action android:name="android.intent.action.BOOT_COMPLETED" />
161-->[:flutter_local_notifications] AndroidManifest.xml:20:17-79
161-->[:flutter_local_notifications] AndroidManifest.xml:20:25-76
162                <action android:name="android.intent.action.MY_PACKAGE_REPLACED" />
162-->[:flutter_local_notifications] AndroidManifest.xml:21:17-84
162-->[:flutter_local_notifications] AndroidManifest.xml:21:25-81
163                <action android:name="android.intent.action.QUICKBOOT_POWERON" />
163-->[:flutter_local_notifications] AndroidManifest.xml:22:17-82
163-->[:flutter_local_notifications] AndroidManifest.xml:22:25-79
164                <action android:name="com.htc.intent.action.QUICKBOOT_POWERON" />
164-->[:flutter_local_notifications] AndroidManifest.xml:23:17-82
164-->[:flutter_local_notifications] AndroidManifest.xml:23:25-79
165            </intent-filter>
166        </receiver>
167
168        <activity
168-->[:url_launcher_android] AndroidManifest.xml:8:9-11:74
169            android:name="io.flutter.plugins.urllauncher.WebViewActivity"
169-->[:url_launcher_android] AndroidManifest.xml:9:13-74
170            android:exported="false"
170-->[:url_launcher_android] AndroidManifest.xml:10:13-37
171            android:theme="@android:style/Theme.NoTitleBar.Fullscreen" />
171-->[:url_launcher_android] AndroidManifest.xml:11:13-71
172
173        <provider
173-->[:share_plus] AndroidManifest.xml:8:9-16:20
174            android:name="dev.fluttercommunity.plus.share.ShareFileProvider"
174-->[:share_plus] AndroidManifest.xml:9:13-77
175            android:authorities="com.sujitchanda.flutter_sendbird_fcm.flutter.share_provider"
175-->[:share_plus] AndroidManifest.xml:10:13-74
176            android:exported="false"
176-->[:share_plus] AndroidManifest.xml:11:13-37
177            android:grantUriPermissions="true" >
177-->[:share_plus] AndroidManifest.xml:12:13-47
178            <meta-data
178-->[:image_picker_android] AndroidManifest.xml:13:13-15:75
179                android:name="android.support.FILE_PROVIDER_PATHS"
179-->[:image_picker_android] AndroidManifest.xml:14:17-67
180                android:resource="@xml/flutter_share_file_paths" />
180-->[:image_picker_android] AndroidManifest.xml:15:17-72
181        </provider>
182
183        <uses-library
183-->[androidx.window:window:1.0.0-beta04] AndroidManifest.xml:25:9-27:40
184            android:name="androidx.window.extensions"
184-->[androidx.window:window:1.0.0-beta04] AndroidManifest.xml:26:13-54
185            android:required="false" />
185-->[androidx.window:window:1.0.0-beta04] AndroidManifest.xml:27:13-37
186        <uses-library
186-->[androidx.window:window:1.0.0-beta04] AndroidManifest.xml:28:9-30:40
187            android:name="androidx.window.sidecar"
187-->[androidx.window:window:1.0.0-beta04] AndroidManifest.xml:29:13-51
188            android:required="false" />
188-->[androidx.window:window:1.0.0-beta04] AndroidManifest.xml:30:13-37
189
190        <receiver
190-->[com.google.firebase:firebase-messaging:23.0.5] AndroidManifest.xml:31:9-38:20
191            android:name="com.google.firebase.iid.FirebaseInstanceIdReceiver"
191-->[com.google.firebase:firebase-messaging:23.0.5] AndroidManifest.xml:32:13-78
192            android:exported="true"
192-->[com.google.firebase:firebase-messaging:23.0.5] AndroidManifest.xml:33:13-36
193            android:permission="com.google.android.c2dm.permission.SEND" >
193-->[com.google.firebase:firebase-messaging:23.0.5] AndroidManifest.xml:34:13-73
194            <intent-filter>
194-->[:firebase_messaging] AndroidManifest.xml:28:13-30:29
195                <action android:name="com.google.android.c2dm.intent.RECEIVE" />
195-->[:firebase_messaging] AndroidManifest.xml:29:17-81
195-->[:firebase_messaging] AndroidManifest.xml:29:25-78
196            </intent-filter>
197        </receiver>
198        <!--
199             FirebaseMessagingService performs security checks at runtime,
200             but set to not exported to explicitly avoid allowing another app to call it.
201        -->
202        <service
202-->[com.google.firebase:firebase-messaging:23.0.5] AndroidManifest.xml:44:9-51:19
203            android:name="com.google.firebase.messaging.FirebaseMessagingService"
203-->[com.google.firebase:firebase-messaging:23.0.5] AndroidManifest.xml:45:13-82
204            android:directBootAware="true"
204-->[com.google.firebase:firebase-messaging:23.0.5] AndroidManifest.xml:46:13-43
205            android:exported="false" >
205-->[com.google.firebase:firebase-messaging:23.0.5] AndroidManifest.xml:47:13-37
206            <intent-filter android:priority="-500" >
206-->[:firebase_messaging] AndroidManifest.xml:19:13-21:29
207                <action android:name="com.google.firebase.MESSAGING_EVENT" />
207-->[:firebase_messaging] AndroidManifest.xml:20:17-78
207-->[:firebase_messaging] AndroidManifest.xml:20:25-75
208            </intent-filter>
209        </service>
210
211        <activity
211-->[com.google.firebase:firebase-auth:21.0.5] AndroidManifest.xml:27:9-44:20
212            android:name="com.google.firebase.auth.internal.GenericIdpActivity"
212-->[com.google.firebase:firebase-auth:21.0.5] AndroidManifest.xml:28:13-80
213            android:excludeFromRecents="true"
213-->[com.google.firebase:firebase-auth:21.0.5] AndroidManifest.xml:29:13-46
214            android:exported="true"
214-->[com.google.firebase:firebase-auth:21.0.5] AndroidManifest.xml:30:13-36
215            android:launchMode="singleTask"
215-->[com.google.firebase:firebase-auth:21.0.5] AndroidManifest.xml:31:13-44
216            android:theme="@android:style/Theme.Translucent.NoTitleBar" >
216-->[com.google.firebase:firebase-auth:21.0.5] AndroidManifest.xml:32:13-72
217            <intent-filter>
217-->[com.google.firebase:firebase-auth:21.0.5] AndroidManifest.xml:33:13-43:29
218                <action android:name="android.intent.action.VIEW" />
218-->[com.google.firebase:firebase-auth:21.0.5] AndroidManifest.xml:34:17-69
218-->[com.google.firebase:firebase-auth:21.0.5] AndroidManifest.xml:34:25-66
219
220                <category android:name="android.intent.category.DEFAULT" />
220-->src/main/AndroidManifest.xml:31:17-75
220-->src/main/AndroidManifest.xml:31:27-73
221                <category android:name="android.intent.category.BROWSABLE" />
221-->[com.google.firebase:firebase-auth:21.0.5] AndroidManifest.xml:37:17-78
221-->[com.google.firebase:firebase-auth:21.0.5] AndroidManifest.xml:37:27-75
222
223                <data
223-->[com.google.firebase:firebase-auth:21.0.5] AndroidManifest.xml:39:17-42:51
224                    android:host="firebase.auth"
224-->[com.google.firebase:firebase-auth:21.0.5] AndroidManifest.xml:40:21-49
225                    android:path="/"
225-->[com.google.firebase:firebase-auth:21.0.5] AndroidManifest.xml:41:21-37
226                    android:scheme="genericidp" />
226-->[com.google.firebase:firebase-auth:21.0.5] AndroidManifest.xml:42:21-48
227            </intent-filter>
228        </activity>
229        <activity
229-->[com.google.firebase:firebase-auth:21.0.5] AndroidManifest.xml:45:9-62:20
230            android:name="com.google.firebase.auth.internal.RecaptchaActivity"
230-->[com.google.firebase:firebase-auth:21.0.5] AndroidManifest.xml:46:13-79
231            android:excludeFromRecents="true"
231-->[com.google.firebase:firebase-auth:21.0.5] AndroidManifest.xml:47:13-46
232            android:exported="true"
232-->[com.google.firebase:firebase-auth:21.0.5] AndroidManifest.xml:48:13-36
233            android:launchMode="singleTask"
233-->[com.google.firebase:firebase-auth:21.0.5] AndroidManifest.xml:49:13-44
234            android:theme="@android:style/Theme.Translucent.NoTitleBar" >
234-->[com.google.firebase:firebase-auth:21.0.5] AndroidManifest.xml:50:13-72
235            <intent-filter>
235-->[com.google.firebase:firebase-auth:21.0.5] AndroidManifest.xml:51:13-61:29
236                <action android:name="android.intent.action.VIEW" />
236-->[com.google.firebase:firebase-auth:21.0.5] AndroidManifest.xml:34:17-69
236-->[com.google.firebase:firebase-auth:21.0.5] AndroidManifest.xml:34:25-66
237
238                <category android:name="android.intent.category.DEFAULT" />
238-->src/main/AndroidManifest.xml:31:17-75
238-->src/main/AndroidManifest.xml:31:27-73
239                <category android:name="android.intent.category.BROWSABLE" />
239-->[com.google.firebase:firebase-auth:21.0.5] AndroidManifest.xml:37:17-78
239-->[com.google.firebase:firebase-auth:21.0.5] AndroidManifest.xml:37:27-75
240
241                <data
241-->[com.google.firebase:firebase-auth:21.0.5] AndroidManifest.xml:39:17-42:51
242                    android:host="firebase.auth"
242-->[com.google.firebase:firebase-auth:21.0.5] AndroidManifest.xml:40:21-49
243                    android:path="/"
243-->[com.google.firebase:firebase-auth:21.0.5] AndroidManifest.xml:41:21-37
244                    android:scheme="recaptcha" />
244-->[com.google.firebase:firebase-auth:21.0.5] AndroidManifest.xml:42:21-48
245            </intent-filter>
246        </activity>
247
248        <service
248-->[com.google.android.datatransport:transport-backend-cct:3.1.5] AndroidManifest.xml:29:9-35:19
249            android:name="com.google.android.datatransport.runtime.backends.TransportBackendDiscovery"
249-->[com.google.android.datatransport:transport-backend-cct:3.1.5] AndroidManifest.xml:30:13-103
250            android:exported="false" >
250-->[com.google.android.datatransport:transport-backend-cct:3.1.5] AndroidManifest.xml:31:13-37
251            <meta-data
251-->[com.google.android.datatransport:transport-backend-cct:3.1.5] AndroidManifest.xml:32:13-34:39
252                android:name="backend:com.google.android.datatransport.cct.CctBackendFactory"
252-->[com.google.android.datatransport:transport-backend-cct:3.1.5] AndroidManifest.xml:33:17-94
253                android:value="cct" />
253-->[com.google.android.datatransport:transport-backend-cct:3.1.5] AndroidManifest.xml:34:17-36
254        </service>
255        <service
255-->[com.google.android.datatransport:transport-runtime:3.1.5] AndroidManifest.xml:26:9-30:19
256            android:name="com.google.android.datatransport.runtime.scheduling.jobscheduling.JobInfoSchedulerService"
256-->[com.google.android.datatransport:transport-runtime:3.1.5] AndroidManifest.xml:27:13-117
257            android:exported="false"
257-->[com.google.android.datatransport:transport-runtime:3.1.5] AndroidManifest.xml:28:13-37
258            android:permission="android.permission.BIND_JOB_SERVICE" >
258-->[com.google.android.datatransport:transport-runtime:3.1.5] AndroidManifest.xml:29:13-69
259        </service>
260
261        <receiver
261-->[com.google.android.datatransport:transport-runtime:3.1.5] AndroidManifest.xml:32:9-34:40
262            android:name="com.google.android.datatransport.runtime.scheduling.jobscheduling.AlarmManagerSchedulerBroadcastReceiver"
262-->[com.google.android.datatransport:transport-runtime:3.1.5] AndroidManifest.xml:33:13-132
263            android:exported="false" />
263-->[com.google.android.datatransport:transport-runtime:3.1.5] AndroidManifest.xml:34:13-37
264
265        <provider
265-->[com.google.firebase:firebase-common:20.1.1] AndroidManifest.xml:26:9-31:39
266            android:name="com.google.firebase.provider.FirebaseInitProvider"
266-->[com.google.firebase:firebase-common:20.1.1] AndroidManifest.xml:27:13-77
267            android:authorities="com.sujitchanda.flutter_sendbird_fcm.firebaseinitprovider"